This is pdfTeX, Version 3.141592653-2.6-1.40.26 (MiKTeX 24.3.31) (preloaded format=pdflatex 2024.4.6)  21 APR 2024 20:18
entering extended mode
 restricted \write18 enabled.
 file:line:error style messages enabled.
 %&-line parsing enabled.
**d:/FRAN/Educacion/UBA/Algo_2/Algoritmos-I---TP-1/tp1.tex
(d:/FRAN/Educacion/UBA/Algo_2/Algoritmos-I---TP-1/tp1.tex
LaTeX2e <2023-11-01> patch level 1
L3 programming layer <2024-03-14>
(C:\Users\franv\AppData\Local\Programs\MiKTeX\tex/latex/base\article.cls
Document Class: article 2023/05/17 v1.4n Standard LaTeX document class
(C:\Users\franv\AppData\Local\Programs\MiKTeX\tex/latex/base\size10.clo
File: size10.clo 2023/05/17 v1.4n Standard LaTeX file (size option)
)
\c@part=\count188
\c@section=\count189
\c@subsection=\count190
\c@subsubsection=\count191
\c@paragraph=\count192
\c@subparagraph=\count193
\c@figure=\count194
\c@table=\count195
\abovecaptionskip=\skip48
\belowcaptionskip=\skip49
\bibindent=\dimen140
) (AEDmacros.tex (C:\Users\franv\AppData\Local\Programs\MiKTeX\tex/generic/babel\babel.sty
Package: babel 2024/02/07 v24.2 The Babel package
\babel@savecnt=\count196
\U@D=\dimen141
\l@unhyphenated=\language79
 (C:\Users\franv\AppData\Local\Programs\MiKTeX\tex/generic/babel\txtbabel.def)
\bbl@readstream=\read2
\bbl@dirlevel=\count197

*************************************
* Local config file bblopts.cfg used
*
(C:\Users\franv\AppData\Local\Programs\MiKTeX\tex/latex/arabi\bblopts.cfg
File: bblopts.cfg 2005/09/08 v0.1 add Arabic and Farsi to "declared" options of babel
) (C:\Users\franv\AppData\Local\Programs\MiKTeX\tex/latex/babel-spanish\spanish.ldf
Language: spanish.ldf 2021/05/27 v5.0q Spanish support from the babel system
\es@quottoks=\toks17
\es@quotdepth=\count198
Package babel Info: Making " an active character on input line 570.
Package babel Info: Making . an active character on input line 675.
Package babel Info: Making < an active character on input line 722.
Package babel Info: Making > an active character on input line 722.
Package babel Info: Making ' an active character on input line 740.
)) (C:\Users\franv\AppData\Local\Programs\MiKTeX\tex/generic/babel/locale/es\babel-spanish.tex
Package babel Info: Importing font and identification data for spanish
(babel)             from babel-es.ini. Reported on input line 11.
) (C:\Users\franv\AppData\Local\Programs\MiKTeX\tex/latex/base\inputenc.sty
Package: inputenc 2021/02/14 v1.3d Input encoding file
\inpenc@prehook=\toks18
\inpenc@posthook=\toks19
) (C:\Users\franv\AppData\Local\Programs\MiKTeX\tex/latex/base\ifthen.sty
Package: ifthen 2022/04/13 v1.1d Standard LaTeX ifthen package (DPC)
) (C:\Users\franv\AppData\Local\Programs\MiKTeX\tex/latex/listings\listings.sty (C:\Users\franv\AppData\Local\Programs\MiKTeX\tex/latex/graphics\keyval.sty
Package: keyval 2022/05/29 v1.15 key=value parser (DPC)
\KV@toks@=\toks20
)
\lst@mode=\count199
\lst@gtempboxa=\box51
\lst@token=\toks21
\lst@length=\count266
\lst@currlwidth=\dimen142
\lst@column=\count267
\lst@pos=\count268
\lst@lostspace=\dimen143
\lst@width=\dimen144
\lst@newlines=\count269
\lst@lineno=\count270
\lst@maxwidth=\dimen145
 (C:\Users\franv\AppData\Local\Programs\MiKTeX\tex/latex/listings\lstpatch.sty
File: lstpatch.sty 2024/03/11 1.10a (Carsten Heinz)
) (C:\Users\franv\AppData\Local\Programs\MiKTeX\tex/latex/listings\lstmisc.sty
File: lstmisc.sty 2024/03/11 1.10a (Carsten Heinz)
\c@lstnumber=\count271
\lst@skipnumbers=\count272
\lst@framebox=\box52
) (C:\Users\franv\AppData\Local\Programs\MiKTeX\tex/latex/listings\listings.cfg
File: listings.cfg 2024/03/11 1.10a listings configuration
))
Package: listings 2024/03/11 1.10a (Carsten Heinz)
 (C:\Users\franv\AppData\Local\Programs\MiKTeX\tex/latex/doublestroke\dsfont.sty
Package: dsfont 1995/08/01 v0.1 Double stroke roman fonts
) (C:\Users\franv\AppData\Local\Programs\MiKTeX\tex/latex/caption\subcaption.sty
Package: subcaption 2023/07/28 v1.6b Sub-captions (AR)
 (C:\Users\franv\AppData\Local\Programs\MiKTeX\tex/latex/caption\caption.sty
Package: caption 2023/08/05 v3.6o Customizing captions (AR)
 (C:\Users\franv\AppData\Local\Programs\MiKTeX\tex/latex/caption\caption3.sty
Package: caption3 2023/07/31 v2.4d caption3 kernel (AR)
\caption@tempdima=\dimen146
\captionmargin=\dimen147
\caption@leftmargin=\dimen148
\caption@rightmargin=\dimen149
\caption@width=\dimen150
\caption@indent=\dimen151
\caption@parindent=\dimen152
\caption@hangindent=\dimen153
Package caption Info: Standard document class detected.
)
\c@caption@flags=\count273
\c@continuedfloat=\count274
Package caption Info: listings package is loaded.
)
Package caption Info: New subtype `subfigure' on input line 238.
\c@subfigure=\count275
Package caption Info: New subtype `subtable' on input line 238.
\c@subtable=\count276
) (C:\Users\franv\AppData\Local\Programs\MiKTeX\tex/latex/amsmath\amsmath.sty
Package: amsmath 2023/05/13 v2.17o AMS math features
\@mathmargin=\skip50

For additional information on amsmath, use the `?' option.
(C:\Users\franv\AppData\Local\Programs\MiKTeX\tex/latex/amsmath\amstext.sty
Package: amstext 2021/08/26 v2.01 AMS text
 (C:\Users\franv\AppData\Local\Programs\MiKTeX\tex/latex/amsmath\amsgen.sty
File: amsgen.sty 1999/11/30 v2.0 generic functions
\@emptytoks=\toks22
\ex@=\dimen154
)) (C:\Users\franv\AppData\Local\Programs\MiKTeX\tex/latex/amsmath\amsbsy.sty
Package: amsbsy 1999/11/29 v1.2d Bold Symbols
\pmbraise@=\dimen155
) (C:\Users\franv\AppData\Local\Programs\MiKTeX\tex/latex/amsmath\amsopn.sty
Package: amsopn 2022/04/08 v2.04 operator names
)
\inf@bad=\count277
LaTeX Info: Redefining \frac on input line 234.
\uproot@=\count278
\leftroot@=\count279
LaTeX Info: Redefining \overline on input line 399.
LaTeX Info: Redefining \colon on input line 410.
\classnum@=\count280
\DOTSCASE@=\count281
LaTeX Info: Redefining \ldots on input line 496.
LaTeX Info: Redefining \dots on input line 499.
LaTeX Info: Redefining \cdots on input line 620.
\Mathstrutbox@=\box53
\strutbox@=\box54
LaTeX Info: Redefining \big on input line 722.
LaTeX Info: Redefining \Big on input line 723.
LaTeX Info: Redefining \bigg on input line 724.
LaTeX Info: Redefining \Bigg on input line 725.
\big@size=\dimen156
LaTeX Font Info:    Redeclaring font encoding OML on input line 743.
LaTeX Font Info:    Redeclaring font encoding OMS on input line 744.
\macc@depth=\count282
LaTeX Info: Redefining \bmod on input line 905.
LaTeX Info: Redefining \pmod on input line 910.
LaTeX Info: Redefining \smash on input line 940.
LaTeX Info: Redefining \relbar on input line 970.
LaTeX Info: Redefining \Relbar on input line 971.
\c@MaxMatrixCols=\count283
\dotsspace@=\muskip16
\c@parentequation=\count284
\dspbrk@lvl=\count285
\tag@help=\toks23
\row@=\count286
\column@=\count287
\maxfields@=\count288
\andhelp@=\toks24
\eqnshift@=\dimen157
\alignsep@=\dimen158
\tagshift@=\dimen159
\tagwidth@=\dimen160
\totwidth@=\dimen161
\lineht@=\dimen162
\@envbody=\toks25
\multlinegap=\skip51
\multlinetaggap=\skip52
\mathdisplay@stack=\toks26
LaTeX Info: Redefining \[ on input line 2953.
LaTeX Info: Redefining \] on input line 2954.
) (C:\Users\franv\AppData\Local\Programs\MiKTeX\tex/latex/changepage\changepage.sty
Package: changepage 2009/10/20 v1.0c check page and change page layout
\c@cp@cntr=\count289
\cp@tempcnt=\count290
) (C:\Users\franv\AppData\Local\Programs\MiKTeX\tex/latex/geometry\geometry.sty
Package: geometry 2020/01/02 v5.9 Page Geometry
 (C:\Users\franv\AppData\Local\Programs\MiKTeX\tex/generic/iftex\ifvtex.sty
Package: ifvtex 2019/10/25 v1.7 ifvtex legacy package. Use iftex instead.
 (C:\Users\franv\AppData\Local\Programs\MiKTeX\tex/generic/iftex\iftex.sty
Package: iftex 2022/02/03 v1.0f TeX engine tests
))
\Gm@cnth=\count291
\Gm@cntv=\count292
\c@Gm@tempcnt=\count293
\Gm@bindingoffset=\dimen163
\Gm@wd@mp=\dimen164
\Gm@odd@mp=\dimen165
\Gm@even@mp=\dimen166
\Gm@layoutwidth=\dimen167
\Gm@layoutheight=\dimen168
\Gm@layouthoffset=\dimen169
\Gm@layoutvoffset=\dimen170
\Gm@dimlist=\toks27
 (C:\Users\franv\AppData\Local\Programs\MiKTeX\tex/latex/geometry\geometry.cfg)) (C:\Users\franv\AppData\Local\Programs\MiKTeX\tex/latex/graphics\color.sty
Package: color 2022/01/06 v1.3d Standard LaTeX Color (DPC)
 (C:\Users\franv\AppData\Local\Programs\MiKTeX\tex/latex/graphics-cfg\color.cfg
File: color.cfg 2016/01/02 v1.6 sample color configuration
)
Package color Info: Driver file: pdftex.def on input line 149.
 (C:\Users\franv\AppData\Local\Programs\MiKTeX\tex/latex/graphics-def\pdftex.def
File: pdftex.def 2022/09/22 v1.2b Graphics/color driver for pdftex
) (C:\Users\franv\AppData\Local\Programs\MiKTeX\tex/latex/graphics\mathcolor.ltx)) (C:\Users\franv\AppData\Local\Programs\MiKTeX\tex/latex/listings\lstlang1.sty
File: lstlang1.sty 2024/03/11 1.10a listings language file
)) (caratula.sty
Package: caratula 2013/08/04 v0.5 Para componer caratulas de TPs del DC
 (C:\Users\franv\AppData\Local\Programs\MiKTeX\tex/latex/graphics\graphicx.sty
Package: graphicx 2021/09/16 v1.2d Enhanced LaTeX Graphics (DPC,SPQR)
 (C:\Users\franv\AppData\Local\Programs\MiKTeX\tex/latex/graphics\graphics.sty
Package: graphics 2022/03/10 v1.4e Standard LaTeX Graphics (DPC,SPQR)
 (C:\Users\franv\AppData\Local\Programs\MiKTeX\tex/latex/graphics\trig.sty
Package: trig 2021/08/11 v1.11 sin cos tan (DPC)
) (C:\Users\franv\AppData\Local\Programs\MiKTeX\tex/latex/graphics-cfg\graphics.cfg
File: graphics.cfg 2016/06/04 v1.11 sample graphics configuration
)
Package graphics Info: Driver file: pdftex.def on input line 107.
)
\Gin@req@height=\dimen171
\Gin@req@width=\dimen172
)
Cargando package 'caratula' v0.5 (2013/08/04)
\intlist=\toks28
\intlistSinLU=\toks29
\c@integrantesCount=\count294
\intTabNombre=\toks30
\intTabLU=\toks31
\intTabEmail=\toks32
\c@directoresCount=\count295
\direcTabNombre=\toks33
\direcTabEmail=\toks34
\c@coDirectoresCount=\count296
\codirecTabNombre=\toks35
\codirecTabEmail=\toks36
) (C:\Users\franv\AppData\Local\Programs\MiKTeX\tex/latex/amsfonts\amsfonts.sty
Package: amsfonts 2013/01/14 v3.01 Basic AMSFonts support
\symAMSa=\mathgroup4
\symAMSb=\mathgroup5
LaTeX Font Info:    Redeclaring math symbol \hbar on input line 98.
LaTeX Font Info:    Overwriting math alphabet `\mathfrak' in version `bold'
(Font)                  U/euf/m/n --> U/euf/b/n on input line 106.
) (C:\Users\franv\AppData\Local\Programs\MiKTeX\tex/latex/xcolor\xcolor.sty
Package: xcolor 2023/11/15 v3.01 LaTeX color extensions (UK)
 (C:\Users\franv\AppData\Local\Programs\MiKTeX\tex/latex/graphics-cfg\color.cfg
File: color.cfg 2016/01/02 v1.6 sample color configuration
)
Package xcolor Info: Driver file: pdftex.def on input line 274.
LaTeX Info: Redefining \color on input line 758.
 (C:\Users\franv\AppData\Local\Programs\MiKTeX\tex/latex/graphics\mathcolor.ltx)
Package xcolor Info: Model `cmy' substituted by `cmy0' on input line 1350.
Package xcolor Info: Model `hsb' substituted by `rgb' on input line 1354.
Package xcolor Info: Model `RGB' extended on input line 1366.
Package xcolor Info: Model `HTML' substituted by `rgb' on input line 1368.
Package xcolor Info: Model `Hsb' substituted by `hsb' on input line 1369.
Package xcolor Info: Model `tHsb' substituted by `hsb' on input line 1370.
Package xcolor Info: Model `HSB' substituted by `hsb' on input line 1371.
Package xcolor Info: Model `Gray' substituted by `gray' on input line 1372.
Package xcolor Info: Model `wave' substituted by `hsb' on input line 1373.
) (C:\Users\franv\AppData\Local\Programs\MiKTeX\tex/latex/graphics\dvipsnam.def
File: dvipsnam.def 2016/06/17 v3.0m Driver-dependent file (DPC,SPQR)
) (C:\Users\franv\AppData\Local\Programs\MiKTeX\tex/latex/l3backend\l3backend-pdftex.def
File: l3backend-pdftex.def 2024-03-14 L3 backend support: PDF output (pdfTeX)
\l__color_backend_stack_int=\count297
\l__pdf_internal_box=\box55
) (d:\FRAN\Educacion\UBA\Algo_2\Algoritmos-I---TP-1\build\tp1.aux
LaTeX Info: Redefining \. on input line 9.
LaTeX Info: Redefining \% on input line 9.
)
\openout1 = `tp1.aux'.

LaTeX Font Info:    Checking defaults for OML/cmm/m/it on input line 26.
LaTeX Font Info:    ... okay on input line 26.
LaTeX Font Info:    Checking defaults for OMS/cmsy/m/n on input line 26.
LaTeX Font Info:    ... okay on input line 26.
LaTeX Font Info:    Checking defaults for OT1/cmr/m/n on input line 26.
LaTeX Font Info:    ... okay on input line 26.
LaTeX Font Info:    Checking defaults for T1/cmr/m/n on input line 26.
LaTeX Font Info:    ... okay on input line 26.
LaTeX Font Info:    Checking defaults for TS1/cmr/m/n on input line 26.
LaTeX Font Info:    ... okay on input line 26.
LaTeX Font Info:    Checking defaults for OMX/cmex/m/n on input line 26.
LaTeX Font Info:    ... okay on input line 26.
LaTeX Font Info:    Checking defaults for U/cmr/m/n on input line 26.
LaTeX Font Info:    ... okay on input line 26.
LaTeX Info: Redefining \. on input line 26.
LaTeX Info: Redefining \% on input line 26.
\c@lstlisting=\count298
Package caption Info: Begin \AtBeginDocument code.
Package caption Info: changepage package is loaded.
\caption@adjustwidth@hsize=\dimen173
\caption@adjustwidth@linewidth=\dimen174
Package caption Info: End \AtBeginDocument code.

*geometry* driver: auto-detecting
*geometry* detected driver: pdftex
*geometry* verbose mode - [ preamble ] result:
* driver: pdftex
* paper: a4paper
* layout: <same size as paper>
* layoutoffset:(h,v)=(0.0pt,0.0pt)
* modes: 
* h-part:(L,W,R)=(28.45274pt, 540.60239pt, 28.45274pt)
* v-part:(T,H,B)=(28.45274pt, 759.6886pt, 56.9055pt)
* \paperwidth=597.50787pt
* \paperheight=845.04684pt
* \textwidth=540.60239pt
* \textheight=759.6886pt
* \oddsidemargin=-43.81725pt
* \evensidemargin=-43.81725pt
* \topmargin=-80.81725pt
* \headheight=12.0pt
* \headsep=25.0pt
* \topskip=10.0pt
* \footskip=30.0pt
* \marginparwidth=57.0pt
* \marginparsep=11.0pt
* \columnsep=10.0pt
* \skip\footins=9.0pt plus 4.0pt minus 2.0pt
* \hoffset=0.0pt
* \voffset=0.0pt
* \mag=1000
* \@twocolumnfalse
* \@twosidefalse
* \@mparswitchfalse
* \@reversemarginfalse
* (1in=72.27pt=25.4mm, 1cm=28.453pt)

(C:\Users\franv\AppData\Local\Programs\MiKTeX\tex/context/base/mkii\supp-pdf.mkii
[Loading MPS to PDF converter (version 2006.09.02).]
\scratchcounter=\count299
\scratchdimen=\dimen175
\scratchbox=\box56
\nofMPsegments=\count300
\nofMParguments=\count301
\everyMPshowfont=\toks37
\MPscratchCnt=\count302
\MPscratchDim=\dimen176
\MPnumerator=\count303
\makeMPintoPDFobject=\count304
\everyMPtoPDFconversion=\toks38
) (C:\Users\franv\AppData\Local\Programs\MiKTeX\tex/latex/epstopdf-pkg\epstopdf-base.sty
Package: epstopdf-base 2020-01-24 v2.11 Base part for package epstopdf
Package epstopdf-base Info: Redefining graphics rule for `.eps' on input line 485.
 (C:\Users\franv\AppData\Local\Programs\MiKTeX\tex/latex/00miktex\epstopdf-sys.cfg
File: epstopdf-sys.cfg 2021/03/18 v2.0 Configuration of epstopdf for MiKTeX
))
<logo_dc.jpg, id=1, 215.6055pt x 83.5923pt>
File: logo_dc.jpg Graphic file (type jpg)
<use logo_dc.jpg>
Package pdftex.def Info: logo_dc.jpg  used on input line 28.
(pdftex.def)             Requested size: 215.60497pt x 83.59207pt.

Underfull \hbox (badness 10000) in paragraph at lines 28--28

 []

LaTeX Font Info:    Trying to load font information for U+msa on input line 28.
(C:\Users\franv\AppData\Local\Programs\MiKTeX\tex/latex/amsfonts\umsa.fd
File: umsa.fd 2013/01/14 v3.01 AMS symbols A
)
LaTeX Font Info:    Trying to load font information for U+msb on input line 28.
 (C:\Users\franv\AppData\Local\Programs\MiKTeX\tex/latex/amsfonts\umsb.fd
File: umsb.fd 2013/01/14 v3.01 AMS symbols B
)
<logo_uba.jpg, id=2, 225.4824pt x 231.7458pt>
File: logo_uba.jpg Graphic file (type jpg)
<use logo_uba.jpg>
Package pdftex.def Info: logo_uba.jpg  used on input line 28.
(pdftex.def)             Requested size: 225.48184pt x 231.74522pt.

Underfull \hbox (badness 10000) in paragraph at lines 28--28

 []

[1

{C:/Users/franv/AppData/Local/MiKTeX/fonts/map/pdftex/pdftex.map} <./logo_dc.jpg> <./logo_uba.jpg>]
LaTeX Font Info:    Trying to load font information for U+dsrom on input line 36.
 (C:\Users\franv\AppData\Local\Programs\MiKTeX\tex/latex/doublestroke\udsrom.fd
File: Udsrom.fd 1995/08/01 v0.1 Double stroke roman font definitions
)
LaTeX Font Info:    Font shape `OT1/cmtt/bx/n' in size <10> not available
(Font)              Font shape `OT1/cmtt/m/n' tried instead on input line 60.
LaTeX Font Info:    Trying to load font information for OMS+cmr on input line 67.
 (C:\Users\franv\AppData\Local\Programs\MiKTeX\tex/latex/base\omscmr.fd
File: omscmr.fd 2023/04/13 v2.5m Standard LaTeX font definitions
)
LaTeX Font Info:    Font shape `OMS/cmr/m/n' in size <10> not available
(Font)              Font shape `OMS/cmsy/m/n' tried instead on input line 67.
 [1]
Overfull \hbox (9.73741pt too wide) in paragraph at lines 132--132
 []\OT1/cmtt/m/n/10 asegura \OMS/cmsy/m/n/10 f$j[]j \OT1/cmr/m/n/10 = \OMS/cmsy/m/n/10 j[]j ^[] \OT1/cmr/m/n/10 (\OMS/cmsy/m/n/10 8\OML/cmm/m/it/10 i \OT1/cmr/m/n/10 : \U/dsrom/m/n/10 Z\OT1/cmr/m/n/10 )(0 \OMS/cmsy/m/n/10 ^^T \OML/cmm/m/it/10 i < \OMS/cmsy/m/n/10 j[]j [][]![] []\OT1/cmr/m/n/10 [\OML/cmm/m/it/10 i\OT1/cmr/m/n/10 ][0] = [][\OML/cmm/m/it/10 i\OT1/cmr/m/n/10 ][0]) \OMS/cmsy/m/n/10 ^
 []


Overfull \hbox (14.00627pt too wide) in paragraph at lines 136--136
\OT1/cmtt/m/n/10 pred trayectoriasCooperan \OT1/cmr/m/n/10 (\OT1/cmr/m/it/10 tra-yec-to-rias \OT1/cmr/m/n/10 : seq\TS1/cmr/m/n/10 <\OT1/cmr/m/n/10 seq\TS1/cmr/m/n/10 <$\U/dsrom/m/n/10 R$\TS1/cmr/m/n/10 >>\OT1/cmr/m/n/10 , \OT1/cmr/m/it/10 coope-ran \OT1/cmr/m/n/10 : seq\TS1/cmr/m/n/10 <\OT1/cmr/m/n/10 Bool\TS1/cmr/m/n/10 >\OT1/cmr/m/n/10 , \OT1/cmr/m/it/10 apues-tas \OT1/cmr/m/n/10 : seq\TS1/cmr/m/n/10 <\OT1/cmr/m/n/10 seq\TS1/cmr/m/n/10 <$\U/dsrom/m/n/10 R$\TS1/cmr/m/n/10 >>\OT1/cmr/m/n/10 , \OT1/cmr/m/it/10 pa-gos \OT1/cmr/m/n/10 : seq\TS1/cmr/m/n/10 <\OT1/cmr/m/n/10 seq\TS1/cmr/m/n/10 <$\U/dsrom/m/n/10 R$\TS1/cmr/m/n/10 >>\OT1/cmr/m/n/10 ,
 []


Overfull \hbox (4.15977pt too wide) in paragraph at lines 136--136
[]$[]\OT1/cmr/m/n/10 [\OML/cmm/m/it/10 i\OT1/cmr/m/n/10 ] = [] [][]\OMS/cmsy/m/n/10 ![] []\OT1/cmr/m/n/10 [\OML/cmm/m/it/10 i\OT1/cmr/m/n/10 ][\OML/cmm/m/it/10 j\OT1/cmr/m/n/10 ] = \OML/cmm/m/it/10 distribuci[]nFondoCom[]nTrayectoria\OT1/cmr/m/n/10 ([]\OML/cmm/m/it/10 ; []; []; [] 
 []


Overfull \hbox (5.57645pt too wide) in paragraph at lines 139--139
[]$[]\OT1/cmr/m/n/10 [\OML/cmm/m/it/10 i\OT1/cmr/m/n/10 ] = [] [][]\OMS/cmsy/m/n/10 ![] []\OT1/cmr/m/n/10 [\OML/cmm/m/it/10 i\OT1/cmr/m/n/10 ][\OML/cmm/m/it/10 j\OT1/cmr/m/n/10 ] = \OML/cmm/m/it/10 distribuci[]nFondoCom[]nTrayectoria\OT1/cmr/m/n/10 ([]\OML/cmm/m/it/10 ; []; []; [] 
 []


Overfull \hbox (8.66443pt too wide) in paragraph at lines 151--151
\OT1/cmtt/m/n/10 aux recolecci^^SonFondoCom^^Sun \OT1/cmr/m/n/10 (\OT1/cmr/m/it/10 tra-yec-to-rias\OT1/cmr/m/n/10 : seq\TS1/cmr/m/n/10 <\OT1/cmr/m/n/10 seq\TS1/cmr/m/n/10 <$\U/dsrom/m/n/10 R$\TS1/cmr/m/n/10 >>\OT1/cmr/m/n/10 , \OT1/cmr/m/it/10 coope-ran \OT1/cmr/m/n/10 : $\OML/cmm/m/it/10 seq\OMS/cmsy/m/n/10 h\OML/cmm/m/it/10 Bool\OMS/cmsy/m/n/10 i$\OT1/cmr/m/n/10 , \OT1/cmr/m/it/10 apues-tas\OT1/cmr/m/n/10 : seq\TS1/cmr/m/n/10 <\OT1/cmr/m/n/10 seq\TS1/cmr/m/n/10 <$\U/dsrom/m/n/10 R$\TS1/cmr/m/n/10 >>\OT1/cmr/m/n/10 , \OT1/cmr/m/it/10 pa-gos\OT1/cmr/m/n/10 : seq\TS1/cmr/m/n/10 <\OT1/cmr/m/n/10 seq\TS1/cmr/m/n/10 <$\U/dsrom/m/n/10 R$\TS1/cmr/m/n/10 >>\OT1/cmr/m/n/10 ,
 []


Overfull \hbox (30.69536pt too wide) in paragraph at lines 151--151
\OT1/cmr/m/n/10 ([][])[]$\OT1/cmr/bx/n/10 ; 
 []

[2

]

LaTeX Warning: Command \textlangle invalid in math mode on input line 218.


LaTeX Warning: Command \textlangle invalid in math mode on input line 218.


LaTeX Warning: Command \textrangle invalid in math mode on input line 218.


LaTeX Warning: Command \textrangle invalid in math mode on input line 218.


Overfull \hbox (5.14714pt too wide) in paragraph at lines 218--218
 \OML/cmm/m/it/10 moduloEventosMasUno\OT1/cmr/m/n/10 ([]\OML/cmm/m/it/10 ; []\OT1/cmr/m/n/10 ) \OMS/cmsy/m/n/10 ^ \OML/cmm/m/it/10 elementosDeT\OT1/cmr/m/n/10 ([]\OML/cmm/m/it/10 ; []; []; []; []\OT1/cmr/m/n/10 ) \OMS/cmsy/m/n/10 ^
 []


Overfull \hbox (4.87561pt too wide) in paragraph at lines 218--218
 \OT1/cmr/m/n/10 (\OMS/cmsy/m/n/10 9[] \OT1/cmr/m/n/10 : \OML/cmm/m/it/10 seq\OMS/cmsy/m/n/10 h\OML/cmm/m/it/10 seq\OMS/cmsy/m/n/10 h\U/dsrom/m/n/10 R\OMS/cmsy/m/n/10 ii\OT1/cmr/m/n/10 )(\OMS/cmsy/m/n/10 j[]j \OT1/cmr/m/n/10 = \OMS/cmsy/m/n/10 j[]j ^[] \OML/cmm/m/it/10 primeroTieneARecursos\OT1/cmr/m/n/10 ([]\OML/cmm/m/it/10 ; []\OT1/cmr/m/n/10 ) \OMS/cmsy/m/n/10 ^
 []

[3

]
Overfull \hbox (16.18005pt too wide) in paragraph at lines 243--243
\OT1/cmtt/m/n/10 proc individuoActualizaApuesta \OT1/cmr/m/n/10 (\OT1/cmss/m/n/10 in \OT1/cmr/m/it/10 in-di-vi-duo\OT1/cmr/m/n/10 :$\U/dsrom/m/n/10 N$\OT1/cmr/m/n/10 , \OT1/cmss/m/n/10 in \OT1/cmr/m/it/10 re-cur-sos\OT1/cmr/m/n/10 : seq\TS1/cmr/m/n/10 <$\U/dsrom/m/n/10 R$\TS1/cmr/m/n/10 >\OT1/cmr/m/n/10 , \OT1/cmss/m/n/10 in \OT1/cmr/m/it/10 coope-ran\OT1/cmr/m/n/10 : seq\TS1/cmr/m/n/10 <\OT1/cmr/m/n/10 Bool\TS1/cmr/m/n/10 >\OT1/cmr/m/n/10 , \OT1/cmss/m/n/10 inout \OT1/cmr/m/it/10 apues-tas\OT1/cmr/m/n/10 : seq\TS1/cmr/m/n/10 <\OT1/cmr/m/n/10 seq\TS1/cmr/m/n/10 <$\U/dsrom/m/n/10 R$\TS1/cmr/m/n/10 >>\OT1/cmr/m/n/10 ,
 []

[4

]
Overfull \hbox (17.81352pt too wide) in paragraph at lines 284--284
\OT1/cmtt/m/n/10 proc frutoDelTrabajoPuramenteIndividual \OT1/cmr/m/n/10 (\OT1/cmss/m/n/10 in \OT1/cmr/m/it/10 re-cur-sos\OT1/cmr/m/n/10 :seq\TS1/cmr/m/n/10 <$\U/dsrom/m/n/10 R$\TS1/cmr/m/n/10 >\OT1/cmr/m/n/10 , \OT1/cmss/m/n/10 in \OT1/cmr/m/it/10 apues-tas\OT1/cmr/m/n/10 :\TS1/cmr/m/n/10 <\OT1/cmr/m/n/10 s: $\U/dsrom/m/n/10 R$\OT1/cmr/m/n/10 , c:$\U/dsrom/m/n/10 R$\TS1/cmr/m/n/10 >\OT1/cmr/m/n/10 ,\OT1/cmss/m/n/10 in \OT1/cmr/m/it/10 pa-go\OT1/cmr/m/n/10 :\TS1/cmr/m/n/10 <\OT1/cmr/m/n/10 s: $\U/dsrom/m/n/10 R$\OT1/cmr/m/n/10 , c:$\U/dsrom/m/n/10 R$\TS1/cmr/m/n/10 >\OT1/cmr/m/n/10 ,\OT1/cmss/m/n/10 in \OT1/cmr/m/it/10 even-tos\OT1/cmr/m/n/10 :seq\TS1/cmr/m/n/10 <\OT1/cmr/m/n/10 Bool\TS1/cmr/m/n/10 >\OT1/cmr/m/n/10 ,
 []


Underfull \hbox (badness 10000) in paragraph at lines 298--299

 []


Underfull \hbox (badness 10000) in paragraph at lines 318--319

 []


Underfull \hbox (badness 10000) in paragraph at lines 322--325

 []


Underfull \hbox (badness 10000) in paragraph at lines 328--329

 []


Underfull \hbox (badness 10000) in paragraph at lines 342--343

 []


Underfull \hbox (badness 10000) in paragraph at lines 347--350

 []


Underfull \hbox (badness 10000) in paragraph at lines 351--352

 []


Overfull \hbox (5.61569pt too wide) in paragraph at lines 353--360
[] \OT1/cmr/m/n/10 = []([][])[]([][])[]$ 
 []


Underfull \hbox (badness 10000) in paragraph at lines 353--360

 []

[5

]
Underfull \hbox (badness 10000) in paragraph at lines 374--378

 []


Overfull \hbox (27.41663pt too wide) in paragraph at lines 382--386
\OML/cmm/m/it/10 res[][] \OT1/cmr/m/n/10 = []([][])[]([][])[])[] 
 []


Overfull \hbox (26.50757pt too wide) in paragraph at lines 382--386
\OML/cmm/m/it/10 res[][] \OT1/cmr/m/n/10 = []([][])[]([][])[])[] 
 []


Overfull \hbox (23.52773pt too wide) in paragraph at lines 387--393
\OML/cmm/m/it/10 res[][] \OT1/cmr/m/n/10 = []([][])[]([][])[]$ 
 []


Overfull \hbox (22.61867pt too wide) in paragraph at lines 387--393
\OML/cmm/m/it/10 res[][] \OT1/cmr/m/n/10 = []([][])[]([][])[]$
 []


Underfull \hbox (badness 10000) in paragraph at lines 387--393

 []


Underfull \hbox (badness 10000) in paragraph at lines 394--400

 []


Underfull \hbox (badness 10000) in paragraph at lines 401--412

 []

[6

]
Underfull \hbox (badness 10000) in paragraph at lines 436--437

 []


Underfull \hbox (badness 10000) in paragraph at lines 444--447

 []


Overfull \hbox (27.01137pt too wide) in paragraph at lines 448--451
[] \OT1/cmr/m/n/10 = []([][])[]([][])[]$ 
 []


Underfull \hbox (badness 10000) in paragraph at lines 452--454

 []


Underfull \hbox (badness 10000) in paragraph at lines 459--460

 []


Underfull \hbox (badness 10000) in paragraph at lines 461--474

 []


Underfull \hbox (badness 10000) in paragraph at lines 475--478

 []


Underfull \hbox (badness 10000) in paragraph at lines 479--502

 []


Underfull \hbox (badness 10000) in paragraph at lines 503--510

 []


Underfull \hbox (badness 10000) in paragraph at lines 511--512

 []

[7

] (d:\FRAN\Educacion\UBA\Algo_2\Algoritmos-I---TP-1\build\tp1.aux
LaTeX Info: Redefining \. on input line 9.
LaTeX Info: Redefining \% on input line 9.
)
 ***********
LaTeX2e <2023-11-01> patch level 1
L3 programming layer <2024-03-14>
 ***********
 ) 
Here is how much of TeX's memory you used:
 7992 strings out of 474423
 131422 string characters out of 5741719
 1953496 words of memory out of 5000000
 30240 multiletter control sequences out of 15000+600000
 564320 words of font info for 61 fonts, out of 8000000 for 9000
 1141 hyphenation exceptions out of 8191
 72i,8n,80p,865b,365s stack positions out of 10000i,1000n,20000p,200000b,200000s
 <C:\Users\franv\AppData\Local\MiKTeX\fonts/pk/ljfour/jknappen/ec/dpi600\tcrm1000.pk><C:/Users/franv/AppData/Local/Programs/MiKTeX/fonts/type1/public/amsfonts/cm/cmbx10.pfb><C:/Users/franv/AppData/Local/Programs/MiKTeX/fonts/type1/public/amsfonts/cm/cmbx12.pfb><C:/Users/franv/AppData/Local/Programs/MiKTeX/fonts/type1/public/amsfonts/cm/cmex10.pfb><C:/Users/franv/AppData/Local/Programs/MiKTeX/fonts/type1/public/amsfonts/cmextra/cmex7.pfb><C:/Users/franv/AppData/Local/Programs/MiKTeX/fonts/type1/public/amsfonts/cm/cmmi10.pfb><C:/Users/franv/AppData/Local/Programs/MiKTeX/fonts/type1/public/amsfonts/cm/cmmi5.pfb><C:/Users/franv/AppData/Local/Programs/MiKTeX/fonts/type1/public/amsfonts/cm/cmmi7.pfb><C:/Users/franv/AppData/Local/Programs/MiKTeX/fonts/type1/public/amsfonts/cm/cmr10.pfb><C:/Users/franv/AppData/Local/Programs/MiKTeX/fonts/type1/public/amsfonts/cm/cmr12.pfb><C:/Users/franv/AppData/Local/Programs/MiKTeX/fonts/type1/public/amsfonts/cm/cmr5.pfb><C:/Users/franv/AppData/Local/Programs/MiKTeX/fonts/type1/public/amsfonts/cm/cmr7.pfb><C:/Users/franv/AppData/Local/Programs/MiKTeX/fonts/type1/public/amsfonts/cm/cmss10.pfb><C:/Users/franv/AppData/Local/Programs/MiKTeX/fonts/type1/public/amsfonts/cm/cmss8.pfb><C:/Users/franv/AppData/Local/Programs/MiKTeX/fonts/type1/public/amsfonts/cm/cmssbx10.pfb><C:/Users/franv/AppData/Local/Programs/MiKTeX/fonts/type1/public/amsfonts/cm/cmsy10.pfb><C:/Users/franv/AppData/Local/Programs/MiKTeX/fonts/type1/public/amsfonts/cm/cmsy5.pfb><C:/Users/franv/AppData/Local/Programs/MiKTeX/fonts/type1/public/amsfonts/cm/cmsy7.pfb><C:/Users/franv/AppData/Local/Programs/MiKTeX/fonts/type1/public/amsfonts/cm/cmti10.pfb><C:/Users/franv/AppData/Local/Programs/MiKTeX/fonts/type1/public/amsfonts/cm/cmti7.pfb><C:/Users/franv/AppData/Local/Programs/MiKTeX/fonts/type1/public/amsfonts/cm/cmtt10.pfb><C:/Users/franv/AppData/Local/Programs/MiKTeX/fonts/type1/public/doublestroke/dsrom10.pfb>
Output written on d:\FRAN\Educacion\UBA\Algo_2\Algoritmos-I---TP-1\build\tp1.pdf (8 pages, 651965 bytes).
PDF statistics:
 142 PDF objects out of 1000 (max. 8388607)
 0 named destinations out of 1000 (max. 500000)
 11 words of extra memory for PDF output out of 10000 (max. 10000000)

